Build started 2/15/2015 7:40:06 PM.
     1>Project "c:\Users\Jersey\documents\visual studio 2013\Projects\Cald_Assignment5.1\Cald_Assignment5.1\Cald_Assignment5.1.vcxproj" on node 2 (Build target(s)).
     1>ClCompile:
         C:\Program Files (x86)\Microsoft Visual Studio 12.0\VC\bin\CL.exe /c /ZI /nologo /W3 /WX- /sdl /Od /Oy- /D WIN32 /D _DEBUG /D _CONSOLE /D _LIB /D _UNICODE /D UNICODE /Gm /EHsc /RTC1 /MDd /GS /fp:precise /Zc:wchar_t /Zc:forScope /Fo"Debug\\" /Fd"Debug\vc120.pdb" /Gd /TP /analyze- /errorReport:prompt calculator.cpp Source.cpp
         Source.cpp
         calculator.cpp
         Generating Code...
       Link:
         C:\Program Files (x86)\Microsoft Visual Studio 12.0\VC\bin\link.exe /ERRORREPORT:PROMPT /OUT:"c:\users\jersey\documents\visual studio 2013\Projects\Cald_Assignment5.1\Debug\Cald_Assignment5.1.exe" /INCREMENTAL /NOLOGO kernel32.lib user32.lib gdi32.lib winspool.lib comdlg32.lib advapi32.lib shell32.lib ole32.lib oleaut32.lib uuid.lib odbc32.lib odbccp32.lib /MANIFEST /MANIFESTUAC:"level='asInvoker' uiAccess='false'" /manifest:embed /DEBUG /PDB:"c:\users\jersey\documents\visual studio 2013\Projects\Cald_Assignment5.1\Debug\Cald_Assignment5.1.pdb" /SUBSYSTEM:CONSOLE /TLBID:1 /DYNAMICBASE /NXCOMPAT /IMPLIB:"c:\users\jersey\documents\visual studio 2013\Projects\Cald_Assignment5.1\Debug\Cald_Assignment5.1.lib" /MACHINE:X86 Debug\calculator.obj
         Debug\Source.obj
     1>Source.obj : error LNK2005: "double bill" (?bill@@3NA) already defined in calculator.obj
     1>Source.obj : error LNK2005: "double tip" (?tip@@3NA) already defined in calculator.obj
     1>Source.obj : error LNK2005: "char again" (?again@@3DA) already defined in calculator.obj
     1>c:\users\jersey\documents\visual studio 2013\Projects\Cald_Assignment5.1\Debug\Cald_Assignment5.1.exe : fatal error LNK1169: one or more multiply defined symbols found
     1>Done Building Project "c:\Users\Jersey\documents\visual studio 2013\Projects\Cald_Assignment5.1\Cald_Assignment5.1\Cald_Assignment5.1.vcxproj" (Build target(s)) -- FAILED.

Build FAILED.

Time Elapsed 00:00:02.49
