Build started 3/21/2015 4:02:28 PM.
     1>Project "E:\College\C++ Programming\CaldAssignment8.1\CaldAssignment8.1\CaldAssignment8.1.vcxproj" on node 2 (Build target(s)).
     1>Link:
         C:\Program Files (x86)\Microsoft Visual Studio 12.0\VC\bin\link.exe /ERRORREPORT:PROMPT /OUT:"E:\College\C++ Programming\CaldAssignment8.1\Debug\CaldAssignment8.1.exe" /INCREMENTAL /NOLOGO kernel32.lib user32.lib gdi32.lib winspool.lib comdlg32.lib advapi32.lib shell32.lib ole32.lib oleaut32.lib uuid.lib odbc32.lib odbccp32.lib /MANIFEST /MANIFESTUAC:"level='asInvoker' uiAccess='false'" /manifest:embed /DEBUG /PDB:"E:\College\C++ Programming\CaldAssignment8.1\Debug\CaldAssignment8.1.pdb" /SUBSYSTEM:CONSOLE /TLBID:1 /DYNAMICBASE /NXCOMPAT /IMPLIB:"E:\College\C++ Programming\CaldAssignment8.1\Debug\CaldAssignment8.1.lib" /MACHINE:X86 Debug\bookColl.obj
         Debug\Source.obj
     1>Source.obj : error LNK2019: unresolved external symbol "void __cdecl display(class std::vector<class std::basic_string<char,struct std::char_traits<char>,class std::allocator<char> >,class std::allocator<class std::basic_string<char,struct std::char_traits<char>,class std::allocator<char> > > > &,class std::_Vector_iterator<class std::_Vector_val<struct std::_Simple_types<class std::basic_string<char,struct std::char_traits<char>,class std::allocator<char> > > > >)" (?display@@YAXAAV?$vector@V?$basic_string@DU?$char_traits@D@std@@V?$allocator@D@2@@std@@V?$allocator@V?$basic_string@DU?$char_traits@D@std@@V?$allocator@D@2@@std@@@2@@std@@V?$_Vector_iterator@V?$_Vector_val@U?$_Simple_types@V?$basic_string@DU?$char_traits@D@std@@V?$allocator@D@2@@std@@@std@@@std@@@2@@Z) referenced in function _main
     1>E:\College\C++ Programming\CaldAssignment8.1\Debug\CaldAssignment8.1.exe : fatal error LNK1120: 1 unresolved externals
     1>Done Building Project "E:\College\C++ Programming\CaldAssignment8.1\CaldAssignment8.1\CaldAssignment8.1.vcxproj" (Build target(s)) -- FAILED.

Build FAILED.

Time Elapsed 00:00:05.56
